<?xml version="1.0" encoding="UTF-8"?>
<!-- Generated by org.testng.reporters.JUnitReportReporter -->
<testsuite hostname="MahmudaLaptop" failures="0" tests="1" name="geico.tdd.test.auto.LoginPageTest" time="9.802" errors="0" timestamp="2023-03-04T21:49:38 EST" skipped="0">
  <testcase classname="geico.tdd.test.auto.LoginPageTest" name="loginTest" time="9.802"/>
  <system-out>
    <![CDATA[[[ChromeDriver: chrome on WINDOWS (263da5d2f6d4930c9ff134a845637ece)] -> xpath: //span[text()='Log In']//parent::a]----->has been clicked<br>
[[ChromeDriver: chrome on WINDOWS (263da5d2f6d4930c9ff134a845637ece)] -> xpath: //div[text()='Access Your Policy']]----->has been clicked<br>
Proxy element for: DefaultElementLocator 'By.xpath: (//button[@id='manageSubmit'])[1]'----->has been clicked<br>
Mahmuda<---This value has been passed into--->[[ChromeDriver: chrome on WINDOWS (263da5d2f6d4930c9ff134a845637ece)] -> xpath: //input[@id='TextInputComponent-2']]<br>
3412<---This value has been passed into--->[[ChromeDriver: chrome on WINDOWS (263da5d2f6d4930c9ff134a845637ece)] -> xpath: //input[@id='TextInputComponent-2']]<br>]]>
  </system-out>
</testsuite> <!-- geico.tdd.test.auto.LoginPageTest -->
