<?xml version="1.0" encoding="UTF-8"?>
<!-- Generated by org.testng.reporters.JUnitReportReporter -->
<testsuite hostname="MahmudaLaptop" failures="0" tests="5" name="geico.tdd.test.auto.AutoQuoteTest" time="8.469" errors="0" timestamp="2023-03-04T21:49:38 EST" skipped="4">
  <testcase classname="geico.tdd.test.auto.AutoQuoteTest" name="autoTest" time="8.469"/>
  <system-out>
    <![CDATA[Validating ----> Actual: *** The Insurance Savings You Expect ***. Expected : *** The Insurance Savings You Expect ***<br>
10461<---This value has been passed into--->[[ChromeDriver: chrome on WINDOWS (18426b56fa8aa096a9b63d19e061843b)] -> xpath: (//input[@class='zip-code-input'])[1]]<br>
[[ChromeDriver: chrome on WINDOWS (18426b56fa8aa096a9b63d19e061843b)] -> xpath: //input[@value='Go']]----->has been clicked<br>
[[ChromeDriver: chrome on WINDOWS (18426b56fa8aa096a9b63d19e061843b)] -> xpath: (//div[@class='product-checkbox'])[1]]----->has been clicked<br>
[[ChromeDriver: chrome on WINDOWS (18426b56fa8aa096a9b63d19e061843b)] -> xpath: //a[text()='Start My Quote']]----->has been clicked<br>]]>
  </system-out>
  <testcase classname="geico.tdd.test.auto.AutoQuoteTest" name="test2">
    <skipped/>
  </testcase> <!-- test2 -->
  <system-out/>
  <testcase classname="geico.tdd.test.auto.AutoQuoteTest" name="test3">
    <skipped/>
  </testcase> <!-- test3 -->
  <system-out/>
  <testcase classname="geico.tdd.test.auto.AutoQuoteTest" name="testRetry">
    <skipped/>
  </testcase> <!-- testRetry -->
  <system-out/>
  <testcase classname="geico.tdd.test.auto.AutoQuoteTest" name="test1">
    <skipped/>
  </testcase> <!-- test1 -->
  <system-out/>
</testsuite> <!-- geico.tdd.test.auto.AutoQuoteTest -->
