<?xml version="1.0" encoding="UTF-8"?>
<!-- Generated by org.testng.reporters.JUnitReportReporter -->
<testsuite hostname="MahmudaLaptop" failures="0" tests="2" name="geico.tdd.test.auto.Parameterizedtest" time="8.158" errors="0" timestamp="2023-02-17T16:19:22 EST" skipped="1">
  <testcase classname="geico.tdd.test.auto.Parameterizedtest" name="autoDataTest" time="8.158"/>
  <system-out>
    <![CDATA[Validating ----> Actual: *** The Insurance Savings You Expect ***. Expected : *** The Insurance Savings You Expect ***<br>
10461<---This value has been passed into--->[[ChromeDriver: chrome on WINDOWS (cf1bd4b08874894738c6decd0c9d6ef8)] -> xpath: (//input[@class='zip-code-input'])[1]]<br>
[[ChromeDriver: chrome on WINDOWS (cf1bd4b08874894738c6decd0c9d6ef8)] -> xpath: //input[@value='Go']]----->has been clicked<br>
[[ChromeDriver: chrome on WINDOWS (cf1bd4b08874894738c6decd0c9d6ef8)] -> xpath: (//div[@class='product-checkbox'])[1]]----->has been clicked<br>
[[ChromeDriver: chrome on WINDOWS (cf1bd4b08874894738c6decd0c9d6ef8)] -> xpath: //a[text()='Start My Quote']]----->has been clicked<br>]]>
  </system-out>
  <testcase classname="geico.tdd.test.auto.Parameterizedtest" name="autoTest">
    <skipped/>
  </testcase> <!-- autoTest -->
  <system-out/>
</testsuite> <!-- geico.tdd.test.auto.Parameterizedtest -->
