<?xml version="1.0" encoding="UTF-8"?>
<!-- Generated by org.testng.reporters.JUnitReportReporter -->
<testsuite hostname="MahmudaLaptop" failures="0" tests="1" name="geico.tdd.test.auto.Parameterrizedtest" time="8.035" errors="0" timestamp="2023-02-16T10:05:47 EST" skipped="0">
  <testcase classname="geico.tdd.test.auto.Parameterrizedtest" name="autoTest" time="8.035"/>
  <system-out>
    <![CDATA[Validating ----> Actual: *** The Insurance Savings You Expect ***. Expected : *** The Insurance Savings You Expect ***<br>
10461<---This value has been passed into--->[[ChromeDriver: chrome on WINDOWS (0a2b5b063c48d9d9ed56f173b43da134)] -> xpath: (//input[@class='zip-code-input'])[1]]<br>
[[ChromeDriver: chrome on WINDOWS (0a2b5b063c48d9d9ed56f173b43da134)] -> xpath: //input[@value='Go']]----->has been clicked<br>
[[ChromeDriver: chrome on WINDOWS (0a2b5b063c48d9d9ed56f173b43da134)] -> xpath: (//div[@class='product-checkbox'])[1]]----->has been clicked<br>
[[ChromeDriver: chrome on WINDOWS (0a2b5b063c48d9d9ed56f173b43da134)] -> xpath: //a[text()='Start My Quote']]----->has been clicked<br>]]>
  </system-out>
</testsuite> <!-- geico.tdd.test.auto.Parameterrizedtest -->
