<?xml version="1.0" encoding="UTF-8"?>
<!-- Generated by org.testng.reporters.JUnitReportReporter -->
<testsuite hostname="MahmudaLaptop" failures="0" tests="2" name="geico.tdd.properties.LinearScriptingTest" time="8.166" errors="0" timestamp="2023-02-01T15:41:08 EST" skipped="1">
  <testcase classname="geico.tdd.properties.LinearScriptingTest" name="linearScripting1" time="8.166"/>
  <system-out/>
  <testcase classname="geico.tdd.properties.LinearScriptingTest" name="linearScripting">
    <skipped/>
  </testcase> <!-- linearScripting -->
  <system-out/>
</testsuite> <!-- geico.tdd.properties.LinearScriptingTest -->
