<?xml version="1.0" encoding="UTF-8"?>
<!-- Generated by org.testng.reporters.JUnitReportReporter -->
<testsuite hostname="MahmudaLaptop" failures="0" tests="5" name="geico.tdd.test.auto.AutoQuoteTest" time="4.283" errors="0" timestamp="2023-02-17T16:41:22 EST" skipped="4">
  <testcase classname="geico.tdd.test.auto.AutoQuoteTest" name="test1" time="4.283"/>
  <system-out>
    <![CDATA[Test1<br>]]>
  </system-out>
  <testcase classname="geico.tdd.test.auto.AutoQuoteTest" name="test2">
    <skipped/>
  </testcase> <!-- test2 -->
  <system-out/>
  <testcase classname="geico.tdd.test.auto.AutoQuoteTest" name="test3">
    <skipped/>
  </testcase> <!-- test3 -->
  <system-out/>
  <testcase classname="geico.tdd.test.auto.AutoQuoteTest" name="autoTest">
    <skipped/>
  </testcase> <!-- autoTest -->
  <system-out/>
  <testcase classname="geico.tdd.test.auto.AutoQuoteTest" name="testRetry">
    <skipped/>
  </testcase> <!-- testRetry -->
  <system-out/>
</testsuite> <!-- geico.tdd.test.auto.AutoQuoteTest -->
